10-11-2024 09:44:28 - INFO : Starting advanced data processing pipeline
10-11-2024 09:44:28 - INFO : Loading interim data
10-11-2024 09:44:29 - INFO : Starting transaction analysis
10-11-2024 09:44:30 - INFO : Reversed transactions analysis completed
10-11-2024 09:44:31 - INFO : Transaction analysis saved successfully
10-11-2024 09:44:31 - INFO : Multi-swipe transactions analysis completed
10-11-2024 09:44:31 - INFO : Generating transaction visualizations
10-11-2024 09:44:31 - INFO : Starting feature processing
10-11-2024 09:44:34 - INFO : Special transactions removed successfully
10-11-2024 09:44:37 - INFO : Missing values handled successfully
10-11-2024 09:44:38 - INFO : Feature derivation completed successfully
10-11-2024 09:44:38 - INFO : Feature processing report saved successfully
10-11-2024 09:44:38 - INFO : Starting feature encoding
10-11-2024 09:44:38 - INFO : Feature encoding completed successfully
10-11-2024 09:44:38 - INFO : Starting feature scaling
10-11-2024 09:44:38 - INFO : Feature scaling completed successfully
10-11-2024 09:44:38 - INFO : Feature scaling report saved successfully
10-11-2024 09:44:46 - INFO : Saved processed data to CSV: data/processed/processed_transactions.csv
10-11-2024 09:44:47 - INFO : Saved processed data to HDF: data/processed/processed_transactions.h5
10-11-2024 09:44:47 - INFO : Metrics saved to reports/advanced_wrangling_metrics.json
10-11-2024 09:44:47 - INFO : Saved processing summary to reports/advanced_wrangling_summary.json
10-11-2024 09:44:47 - INFO : Advanced processing pipeline completed successfully
10-11-2024 09:44:47 - INFO : Advanced data processing pipeline finished
